<?xml version="1.0" encoding="UTF-8"?>
<!-- Generated by org.testng.reporters.JUnitXMLReporter -->
<testsuite hostname="HSSSC1PCL01288" ignored="0" name="TestRelease1" tests="3" failures="1" timestamp="20 Jun 2017 09:53:56 GMT" time="46.266" errors="0">
  <testcase name="CheckLoginAppNOTsuccess" time="1.856" classname="phpTravel.CheckFunctionLogin"/>
  <testcase name="CheckLoginAppSuccess" time="1.93" classname="phpTravel.CheckFunctionLogin">
    <failure type="org.openqa.selenium.NoSuchElementException" message="Unable to locate element: .alert.alert-success
For documentation on this error, please visit: http://seleniumhq.org/exceptions/no_such_element.html
Build info: version: &amp;apos;3.3.1&amp;apos;, revision: &amp;apos;5234b325d5&amp;apos;, time: &amp;apos;2017-03-10 09:10:29 +0000&amp;apos;
System info: host: &amp;apos;HSSSC1PCL01288&amp;apos;, ip: &amp;apos;192.168.207.13&amp;apos;, os.name: &amp;apos;Windows 10&amp;apos;, os.arch: &amp;apos;amd64&amp;apos;, os.version: &amp;apos;10.0&amp;apos;, java.version: &amp;apos;1.8.0_112&amp;apos;
Driver info: org.openqa.selenium.firefox.FirefoxDriver
Capabilities [{rotatable=false, raisesAccessibilityExceptions=false, appBuildId=20160726073904, version=48.0, platform=XP, proxy={}, command_id=1, specificationLevel=0, acceptSslCerts=false, browserVersion=48.0, platformVersion=10.0, XULappId={ec8030f7-c20a-464f-9b0e-13a3a9e97384}, browserName=Firefox, takesScreenshot=true, takesElementScreenshot=true, platformName=Windows_NT, device=desktop}]
Session ID: bf049a4e-1433-43e3-8525-fb21874b1f77
*** Element info: {Using=css selector, value=.alert.alert-success}">
      <![CDATA[org.openqa.selenium.NoSuchElementException: Unable to locate element: .alert.alert-success
For documentation on this error, please visit: http://seleniumhq.org/exceptions/no_such_element.html
Build info: version: '3.3.1', revision: '5234b325d5', time: '2017-03-10 09:10:29 +0000'
System info: host: 'HSSSC1PCL01288', ip: '192.168.207.13', os.name: 'Windows 10', os.arch: 'amd64', os.version: '10.0', java.version: '1.8.0_112'
Driver info: org.openqa.selenium.firefox.FirefoxDriver
Capabilities [{rotatable=false, raisesAccessibilityExceptions=false, appBuildId=20160726073904, version=48.0, platform=XP, proxy={}, command_id=1, specificationLevel=0, acceptSslCerts=false, browserVersion=48.0, platformVersion=10.0, XULappId={ec8030f7-c20a-464f-9b0e-13a3a9e97384}, browserName=Firefox, takesScreenshot=true, takesElementScreenshot=true, platformName=Windows_NT, device=desktop}]
Session ID: bf049a4e-1433-43e3-8525-fb21874b1f77
*** Element info: {Using=css selector, value=.alert.alert-success}
	at org.openqa.selenium.remote.http.W3CHttpResponseCodec.createException(W3CHttpResponseCodec.java:133)
	at org.openqa.selenium.remote.http.W3CHttpResponseCodec.decode(W3CHttpResponseCodec.java:99)
	at org.openqa.selenium.remote.http.W3CHttpResponseCodec.decode(W3CHttpResponseCodec.java:43)
	at org.openqa.selenium.remote.HttpCommandExecutor.execute(HttpCommandExecutor.java:163)
	at org.openqa.selenium.remote.service.DriverCommandExecutor.execute(DriverCommandExecutor.java:82)
	at org.openqa.selenium.remote.RemoteWebDriver.execute(RemoteWebDriver.java:604)
	at org.openqa.selenium.remote.RemoteWebDriver.findElement(RemoteWebDriver.java:371)
	at org.openqa.selenium.remote.RemoteWebDriver.findElementByCssSelector(RemoteWebDriver.java:468)
	at org.openqa.selenium.By$ByCssSelector.findElement(By.java:430)
	at org.openqa.selenium.remote.RemoteWebDriver.findElement(RemoteWebDriver.java:363)
	at Utils.Extension.CaptureElement(Extension.java:22)
	at Object.LogInPage.isMessageSuccess(LogInPage.java:72)
	at phpTravel.CheckFunctionLogin.CheckLoginAppSuccess(CheckFunctionLogin.java:67)
... Removed 29 stack frames]]>
    </failure>
  </testcase> <!-- CheckLoginAppSuccess -->
  <testcase name="CheckSignUpSuccess" time="0.257" classname="phpTravel.CheckFunctionSignUp"/>
</testsuite> <!-- TestRelease1 -->
